Arguments: 
  /opt/homebrew/Cellar/node/20.1.0/bin/node /opt/homebrew/bin/yarn add @react-navigation/navigate

PATH: 
  /opt/homebrew/bin:/opt/homebrew/sbin:/usr/local/bin:/System/Cryptexes/App/usr/bin:/usr/bin:/bin:/usr/sbin:/sbin:/usr/local/share/dotnet:~/.dotnet/tools:/Library/Frameworks/Mono.framework/Versions/Current/Commands:/opt/homebrew/anaconda3/bin:/opt/homebrew/anaconda3/condabin:/opt/homebrew/bin:/opt/homebrew/sbin:/Users/bokyung/.fig/bin:/Users/bokyung/.local/bin

Yarn version: 
  1.22.19

Node version: 
  20.1.0

Platform: 
  darwin arm64

Trace: 
  Error: https://registry.yarnpkg.com/@react-navigation%2fnavigate: Not found
      at params.callback [as _callback] (/opt/homebrew/lib/node_modules/yarn/lib/cli.js:66145:18)
      at self.callback (/opt/homebrew/lib/node_modules/yarn/lib/cli.js:140890:22)
      at Request.emit (node:events:511:28)
      at Request.<anonymous> (/opt/homebrew/lib/node_modules/yarn/lib/cli.js:141862:10)
      at Request.emit (node:events:511:28)
      at IncomingMessage.<anonymous> (/opt/homebrew/lib/node_modules/yarn/lib/cli.js:141784:12)
      at Object.onceWrapper (node:events:625:28)
      at IncomingMessage.emit (node:events:523:35)
      at endReadableNT (node:internal/streams/readable:1367:12)
      at process.processTicksAndRejections (node:internal/process/task_queues:82:21)

npm manifest: 
  {
    "dependencies": {
      "diary": "^0.4.4",
      "react-router-dom": "^6.11.2"
    }
  }

yarn manifest: 
  No manifest

Lockfile: 
  # THIS IS AN AUTOGENERATED FILE. DO NOT EDIT THIS FILE DIRECTLY.
  # yarn lockfile v1
  
  
  "@remix-run/router@1.6.2":
    version "1.6.2"
    resolved "https://registry.yarnpkg.com/@remix-run/router/-/router-1.6.2.tgz#bbe75f8c59e0b7077584920ce2cc76f8f354934d"
    integrity sha512-LzqpSrMK/3JBAVBI9u3NWtOhWNw5AMQfrUFYB0+bDHTSw17z++WJLsPsxAuK+oSddsxk4d7F/JcdDPM1M5YAhA==
  
  diary@^0.4.4:
    version "0.4.4"
    resolved "https://registry.yarnpkg.com/diary/-/diary-0.4.4.tgz#99d7e2877c15072c7a4933f08ff615ccfcd6126e"
    integrity sha512-CTIivFihV6Y0gik2Y9HIOoB9hnUEPej5z4lkSMkmGBZSdUhjfYB7qtLVCHWr0g2RwtR98prF8aFdUaeth0kVgg==
  
  react-router-dom@^6.11.2:
    version "6.11.2"
    resolved "https://registry.yarnpkg.com/react-router-dom/-/react-router-dom-6.11.2.tgz#324d55750ffe2ecd54ca4ec6b7bc7ab01741f170"
    integrity sha512-JNbKtAeh1VSJQnH6RvBDNhxNwemRj7KxCzc5jb7zvDSKRnPWIFj9pO+eXqjM69gQJ0r46hSz1x4l9y0651DKWw==
    dependencies:
      "@remix-run/router" "1.6.2"
      react-router "6.11.2"
  
  react-router@6.11.2:
    version "6.11.2"
    resolved "https://registry.yarnpkg.com/react-router/-/react-router-6.11.2.tgz#006301c4da1a173d7ad76b7ecd2da01b9dd3837a"
    integrity sha512-74z9xUSaSX07t3LM+pS6Un0T55ibUE/79CzfZpy5wsPDZaea1F8QkrsiyRnA2YQ7LwE/umaydzXZV80iDCPkMg==
    dependencies:
      "@remix-run/router" "1.6.2"
